2017-06-08 10:28:10,215 [Worker-34] INFO  o.e.m.c.i.p.ProjectConfigurationManager - Collecting project info '/pom.xml' C:\Users\sandeep madineni\Desktop\JAVA-IMCS Training\Maven-Servlets-June 8th\EmployeeApplication\pom.xml
2017-06-08 10:28:13,974 [Worker-34] INFO  o.e.m.c.i.l.LifecycleMappingFactory - Using org.maven.ide.eclipse.wtp.WarLifecycleMapping lifecycle mapping for MavenProject: com.employee:EmployeeApplication:0.0.1-SNAPSHOT @ C:\Users\sandeep madineni\Desktop\JAVA-IMCS Training\Maven-Servlets-June 8th\EmployeeApplication\pom.xml.
2017-06-08 10:28:17,240 [Worker-34] INFO  o.e.m.j.i.AbstractJavaProjectConfigurator - Adding source folder /EmployeeApplication/src/main/java
2017-06-08 10:28:17,241 [Worker-34] INFO  o.e.m.j.i.AbstractJavaProjectConfigurator - Adding resource folder /EmployeeApplication/src/main/resources
2017-06-08 10:28:17,292 [Worker-34] INFO  o.e.m.j.i.AbstractJavaProjectConfigurator - Adding source folder /EmployeeApplication/src/test/java
2017-06-08 10:28:22,212 [Worker-34] INFO  o.e.m.c.i.p.ProjectConfigurationManager - Imported and configured 1 project(s) in 11 sec
2017-06-08 10:28:25,630 [Worker-39] INFO  o.e.m.c.i.embedder.EclipseLogger - Using 'UTF-8' encoding to copy filtered resources.
2017-06-08 10:28:25,734 [Worker-39] INFO  o.e.m.c.i.embedder.EclipseLogger - Copying 0 resource
2017-06-08 10:28:25,740 [Worker-39] INFO  o.e.m.c.i.embedder.EclipseLogger - Using 'UTF-8' encoding to copy filtered resources.
2017-06-08 10:28:25,740 [Worker-39] INFO  o.e.m.c.i.embedder.EclipseLogger - skip non existing resourceDirectory C:\Users\sandeep madineni\Desktop\JAVA-IMCS Training\Maven-Servlets-June 8th\EmployeeApplication\src\test\resources
2017-06-08 10:29:32,296 [Worker-38] INFO  o.e.m.c.i.embedder.EclipseLogger - Using 'UTF-8' encoding to copy filtered resources.
2017-06-08 10:29:32,334 [Worker-38] INFO  o.e.m.c.i.embedder.EclipseLogger - Copying 0 resource
2017-06-08 10:29:32,337 [Worker-38] INFO  o.e.m.c.i.embedder.EclipseLogger - Using 'UTF-8' encoding to copy filtered resources.
2017-06-08 10:29:32,337 [Worker-38] INFO  o.e.m.c.i.embedder.EclipseLogger - skip non existing resourceDirectory C:\Users\sandeep madineni\Desktop\JAVA-IMCS Training\Maven-Servlets-June 8th\EmployeeApplication\src\test\resources
2017-06-08 10:29:52,758 [Worker-36] INFO  o.e.m.c.i.embedder.EclipseLogger - Using 'UTF-8' encoding to copy filtered resources.
2017-06-08 10:29:52,759 [Worker-36] INFO  o.e.m.c.i.embedder.EclipseLogger - Copying 0 resource
2017-06-08 10:29:52,799 [Worker-36] INFO  o.e.m.c.i.embedder.EclipseLogger - Using 'UTF-8' encoding to copy filtered resources.
2017-06-08 10:29:52,800 [Worker-36] INFO  o.e.m.c.i.embedder.EclipseLogger - skip non existing resourceDirectory C:\Users\sandeep madineni\Desktop\JAVA-IMCS Training\Maven-Servlets-June 8th\EmployeeApplication\src\test\resources
2017-06-08 10:29:53,905 [Worker-31] INFO  o.e.m.c.i.embedder.EclipseLogger - Using 'UTF-8' encoding to copy filtered resources.
2017-06-08 10:29:53,906 [Worker-31] INFO  o.e.m.c.i.embedder.EclipseLogger - Copying 0 resource
2017-06-08 10:29:53,922 [Worker-31] INFO  o.e.m.c.i.embedder.EclipseLogger - Using 'UTF-8' encoding to copy filtered resources.
2017-06-08 10:29:53,948 [Worker-31] INFO  o.e.m.c.i.embedder.EclipseLogger - skip non existing resourceDirectory C:\Users\sandeep madineni\Desktop\JAVA-IMCS Training\Maven-Servlets-June 8th\EmployeeApplication\src\test\resources
2017-06-08 10:32:03,089 [Worker-39] INFO  o.e.m.w.i.f.ResourceFilteringBuildParticipant - Cleaning filtered folder for EmployeeApplication
2017-06-08 10:32:03,329 [Worker-36] INFO  o.e.m.c.i.embedder.EclipseLogger - Using 'UTF-8' encoding to copy filtered resources.
2017-06-08 10:32:03,341 [Worker-36] INFO  o.e.m.c.i.embedder.EclipseLogger - Copying 0 resource
2017-06-08 10:32:03,368 [Worker-36] INFO  o.e.m.c.i.embedder.EclipseLogger - Using 'UTF-8' encoding to copy filtered resources.
2017-06-08 10:32:03,374 [Worker-36] INFO  o.e.m.c.i.embedder.EclipseLogger - skip non existing resourceDirectory C:\Users\sandeep madineni\Desktop\JAVA-IMCS Training\Maven-Servlets-June 8th\EmployeeApplication\src\test\resources
2017-06-08 10:32:03,375 [Worker-36] INFO  o.e.m.w.i.f.ResourceFilteringBuildParticipant - Changed resources require a complete clean of filtered resources of EmployeeApplication
2017-06-08 10:32:03,381 [Worker-36] INFO  o.e.m.w.i.f.ResourceFilteringBuildParticipant - Executing resource filtering for EmployeeApplication
2017-06-08 10:32:03,396 [Worker-36] INFO  o.e.m.c.i.embedder.EclipseLogger - Using 'UTF-8' encoding to copy filtered resources.
2017-06-08 10:33:57,611 [Worker-36] INFO  o.e.m.c.i.l.LifecycleMappingFactory - Using org.maven.ide.eclipse.wtp.WarLifecycleMapping lifecycle mapping for MavenProject: com.employee:EmployeeApplication:0.0.1-SNAPSHOT @ C:\Users\sandeep madineni\Desktop\JAVA-IMCS Training\Maven-Servlets-June 8th\EmployeeApplication\pom.xml.
2017-06-08 10:33:59,047 [Worker-36] INFO  o.e.m.c.i.e.AbstractTransferListenerAdapter - Downloading https://repo.maven.apache.org/maven2/javax/servlet/javax.servlet-api/3.1-b09/javax.servlet-api-3.1-b09.pom
2017-06-08 10:33:59,131 [Worker-36] INFO  o.e.m.c.i.e.AbstractTransferListenerAdapter - Downloaded https://repo.maven.apache.org/maven2/javax/servlet/javax.servlet-api/3.1-b09/javax.servlet-api-3.1-b09.pom
2017-06-08 10:33:59,228 [Worker-36] INFO  o.e.m.c.i.e.AbstractTransferListenerAdapter - Downloading https://repo.maven.apache.org/maven2/javax/servlet/javax.servlet-api/3.1-b09/javax.servlet-api-3.1-b09.jar
2017-06-08 10:33:59,361 [Worker-36] INFO  o.e.m.c.i.e.AbstractTransferListenerAdapter - Downloaded https://repo.maven.apache.org/maven2/javax/servlet/javax.servlet-api/3.1-b09/javax.servlet-api-3.1-b09.jar
2017-06-08 10:34:01,063 [Worker-36] INFO  o.e.m.c.i.embedder.EclipseLogger - Using 'UTF-8' encoding to copy filtered resources.
2017-06-08 10:34:01,074 [Worker-36] INFO  o.e.m.c.i.embedder.EclipseLogger - Copying 0 resource
2017-06-08 10:34:01,085 [Worker-36] INFO  o.e.m.c.i.embedder.EclipseLogger - Using 'UTF-8' encoding to copy filtered resources.
2017-06-08 10:34:01,109 [Worker-36] INFO  o.e.m.c.i.embedder.EclipseLogger - skip non existing resourceDirectory C:\Users\sandeep madineni\Desktop\JAVA-IMCS Training\Maven-Servlets-June 8th\EmployeeApplication\src\test\resources
2017-06-08 10:34:01,109 [Worker-36] INFO  o.e.m.w.i.f.ResourceFilteringBuildParticipant - Changed resources require a complete clean of filtered resources of EmployeeApplication
2017-06-08 10:34:01,130 [Worker-36] INFO  o.e.m.w.i.f.ResourceFilteringBuildParticipant - Executing resource filtering for EmployeeApplication
2017-06-08 10:34:01,139 [Worker-36] INFO  o.e.m.c.i.embedder.EclipseLogger - Using 'UTF-8' encoding to copy filtered resources.
2017-06-08 10:34:03,041 [Worker-40] INFO  o.e.m.c.i.embedder.EclipseLogger - Using 'UTF-8' encoding to copy filtered resources.
2017-06-08 10:34:03,042 [Worker-40] INFO  o.e.m.c.i.embedder.EclipseLogger - Copying 0 resource
2017-06-08 10:34:03,045 [Worker-40] INFO  o.e.m.c.i.embedder.EclipseLogger - Using 'UTF-8' encoding to copy filtered resources.
2017-06-08 10:34:03,045 [Worker-40] INFO  o.e.m.c.i.embedder.EclipseLogger - skip non existing resourceDirectory C:\Users\sandeep madineni\Desktop\JAVA-IMCS Training\Maven-Servlets-June 8th\EmployeeApplication\src\test\resources
2017-06-08 10:35:22,975 [Worker-42] INFO  o.e.m.c.i.embedder.EclipseLogger - Using 'UTF-8' encoding to copy filtered resources.
2017-06-08 10:35:22,976 [Worker-42] INFO  o.e.m.c.i.embedder.EclipseLogger - Copying 0 resource
2017-06-08 10:35:23,014 [Worker-42] INFO  o.e.m.c.i.embedder.EclipseLogger - Using 'UTF-8' encoding to copy filtered resources.
2017-06-08 10:35:23,014 [Worker-42] INFO  o.e.m.c.i.embedder.EclipseLogger - skip non existing resourceDirectory C:\Users\sandeep madineni\Desktop\JAVA-IMCS Training\Maven-Servlets-June 8th\EmployeeApplication\src\test\resources
2017-06-08 10:35:43,331 [Worker-36] INFO  o.e.m.c.i.embedder.EclipseLogger - Using 'UTF-8' encoding to copy filtered resources.
2017-06-08 10:35:43,331 [Worker-36] INFO  o.e.m.c.i.embedder.EclipseLogger - Copying 0 resource
2017-06-08 10:35:43,340 [Worker-36] INFO  o.e.m.c.i.embedder.EclipseLogger - Using 'UTF-8' encoding to copy filtered resources.
2017-06-08 10:35:43,347 [Worker-36] INFO  o.e.m.c.i.embedder.EclipseLogger - skip non existing resourceDirectory C:\Users\sandeep madineni\Desktop\JAVA-IMCS Training\Maven-Servlets-June 8th\EmployeeApplication\src\test\resources
2017-06-08 10:37:32,050 [Worker-36] INFO  o.e.m.c.i.embedder.EclipseLogger - Using 'UTF-8' encoding to copy filtered resources.
2017-06-08 10:37:32,051 [Worker-36] INFO  o.e.m.c.i.embedder.EclipseLogger - Copying 0 resource
2017-06-08 10:37:32,103 [Worker-36] INFO  o.e.m.c.i.embedder.EclipseLogger - Using 'UTF-8' encoding to copy filtered resources.
2017-06-08 10:37:32,113 [Worker-36] INFO  o.e.m.c.i.embedder.EclipseLogger - skip non existing resourceDirectory C:\Users\sandeep madineni\Desktop\JAVA-IMCS Training\Maven-Servlets-June 8th\EmployeeApplication\src\test\resources
2017-06-08 10:39:26,527 [Worker-44] INFO  o.e.m.c.i.embedder.EclipseLogger - Using 'UTF-8' encoding to copy filtered resources.
2017-06-08 10:39:26,528 [Worker-44] INFO  o.e.m.c.i.embedder.EclipseLogger - Copying 0 resource
2017-06-08 10:39:26,534 [Worker-44] INFO  o.e.m.c.i.embedder.EclipseLogger - Using 'UTF-8' encoding to copy filtered resources.
2017-06-08 10:39:26,539 [Worker-44] INFO  o.e.m.c.i.embedder.EclipseLogger - skip non existing resourceDirectory C:\Users\sandeep madineni\Desktop\JAVA-IMCS Training\Maven-Servlets-June 8th\EmployeeApplication\src\test\resources
2017-06-08 10:39:59,724 [Worker-44] INFO  o.e.m.c.i.embedder.EclipseLogger - Using 'UTF-8' encoding to copy filtered resources.
2017-06-08 10:39:59,724 [Worker-44] INFO  o.e.m.c.i.embedder.EclipseLogger - Copying 0 resource
2017-06-08 10:39:59,732 [Worker-44] INFO  o.e.m.c.i.embedder.EclipseLogger - Using 'UTF-8' encoding to copy filtered resources.
2017-06-08 10:39:59,737 [Worker-44] INFO  o.e.m.c.i.embedder.EclipseLogger - skip non existing resourceDirectory C:\Users\sandeep madineni\Desktop\JAVA-IMCS Training\Maven-Servlets-June 8th\EmployeeApplication\src\test\resources
2017-06-08 10:40:13,590 [Worker-40] INFO  o.e.m.c.i.embedder.EclipseLogger - Using 'UTF-8' encoding to copy filtered resources.
2017-06-08 10:40:13,591 [Worker-40] INFO  o.e.m.c.i.embedder.EclipseLogger - Copying 0 resource
2017-06-08 10:40:13,634 [Worker-40] INFO  o.e.m.c.i.embedder.EclipseLogger - Using 'UTF-8' encoding to copy filtered resources.
2017-06-08 10:40:13,685 [Worker-40] INFO  o.e.m.c.i.embedder.EclipseLogger - skip non existing resourceDirectory C:\Users\sandeep madineni\Desktop\JAVA-IMCS Training\Maven-Servlets-June 8th\EmployeeApplication\src\test\resources
2017-06-08 10:43:05,908 [Worker-31] INFO  o.e.m.c.i.embedder.EclipseLogger - Using 'UTF-8' encoding to copy filtered resources.
2017-06-08 10:43:05,909 [Worker-31] INFO  o.e.m.c.i.embedder.EclipseLogger - Copying 0 resource
2017-06-08 10:43:05,944 [Worker-31] INFO  o.e.m.c.i.embedder.EclipseLogger - Using 'UTF-8' encoding to copy filtered resources.
2017-06-08 10:43:05,956 [Worker-31] INFO  o.e.m.c.i.embedder.EclipseLogger - skip non existing resourceDirectory C:\Users\sandeep madineni\Desktop\JAVA-IMCS Training\Maven-Servlets-June 8th\EmployeeApplication\src\test\resources
2017-06-08 10:44:06,520 [Worker-40] INFO  o.e.m.c.i.embedder.EclipseLogger - Using 'UTF-8' encoding to copy filtered resources.
2017-06-08 10:44:06,521 [Worker-40] INFO  o.e.m.c.i.embedder.EclipseLogger - Copying 0 resource
2017-06-08 10:44:06,535 [Worker-40] INFO  o.e.m.c.i.embedder.EclipseLogger - Using 'UTF-8' encoding to copy filtered resources.
2017-06-08 10:44:06,544 [Worker-40] INFO  o.e.m.c.i.embedder.EclipseLogger - skip non existing resourceDirectory C:\Users\sandeep madineni\Desktop\JAVA-IMCS Training\Maven-Servlets-June 8th\EmployeeApplication\src\test\resources
2017-06-08 10:44:21,583 [Worker-45] INFO  o.e.m.c.i.embedder.EclipseLogger - Using 'UTF-8' encoding to copy filtered resources.
2017-06-08 10:44:21,583 [Worker-45] INFO  o.e.m.c.i.embedder.EclipseLogger - Copying 0 resource
2017-06-08 10:44:21,595 [Worker-45] INFO  o.e.m.c.i.embedder.EclipseLogger - Using 'UTF-8' encoding to copy filtered resources.
2017-06-08 10:44:21,605 [Worker-45] INFO  o.e.m.c.i.embedder.EclipseLogger - skip non existing resourceDirectory C:\Users\sandeep madineni\Desktop\JAVA-IMCS Training\Maven-Servlets-June 8th\EmployeeApplication\src\test\resources
2017-06-08 10:45:02,894 [Worker-45] INFO  o.e.m.c.i.embedder.EclipseLogger - Using 'UTF-8' encoding to copy filtered resources.
2017-06-08 10:45:02,894 [Worker-45] INFO  o.e.m.c.i.embedder.EclipseLogger - Copying 0 resource
2017-06-08 10:45:02,909 [Worker-45] INFO  o.e.m.c.i.embedder.EclipseLogger - Using 'UTF-8' encoding to copy filtered resources.
2017-06-08 10:45:02,916 [Worker-45] INFO  o.e.m.c.i.embedder.EclipseLogger - skip non existing resourceDirectory C:\Users\sandeep madineni\Desktop\JAVA-IMCS Training\Maven-Servlets-June 8th\EmployeeApplication\src\test\resources
2017-06-08 10:48:02,585 [Worker-45] INFO  o.e.m.c.i.embedder.EclipseLogger - Using 'UTF-8' encoding to copy filtered resources.
2017-06-08 10:48:02,586 [Worker-45] INFO  o.e.m.c.i.embedder.EclipseLogger - Copying 0 resource
2017-06-08 10:48:02,600 [Worker-45] INFO  o.e.m.c.i.embedder.EclipseLogger - Using 'UTF-8' encoding to copy filtered resources.
2017-06-08 10:48:02,610 [Worker-45] INFO  o.e.m.c.i.embedder.EclipseLogger - skip non existing resourceDirectory C:\Users\sandeep madineni\Desktop\JAVA-IMCS Training\Maven-Servlets-June 8th\EmployeeApplication\src\test\resources
2017-06-08 10:52:28,184 [Worker-45] INFO  o.e.m.c.i.embedder.EclipseLogger - Using 'UTF-8' encoding to copy filtered resources.
2017-06-08 10:52:28,184 [Worker-45] INFO  o.e.m.c.i.embedder.EclipseLogger - Copying 0 resource
2017-06-08 10:52:28,193 [Worker-45] INFO  o.e.m.c.i.embedder.EclipseLogger - Using 'UTF-8' encoding to copy filtered resources.
2017-06-08 10:52:28,199 [Worker-45] INFO  o.e.m.c.i.embedder.EclipseLogger - skip non existing resourceDirectory C:\Users\sandeep madineni\Desktop\JAVA-IMCS Training\Maven-Servlets-June 8th\EmployeeApplication\src\test\resources
2017-06-08 10:53:21,591 [Worker-44] INFO  o.e.m.c.i.embedder.EclipseLogger - Using 'UTF-8' encoding to copy filtered resources.
2017-06-08 10:53:21,592 [Worker-44] INFO  o.e.m.c.i.embedder.EclipseLogger - Copying 0 resource
2017-06-08 10:53:21,605 [Worker-44] INFO  o.e.m.c.i.embedder.EclipseLogger - Using 'UTF-8' encoding to copy filtered resources.
2017-06-08 10:53:21,625 [Worker-44] INFO  o.e.m.c.i.embedder.EclipseLogger - skip non existing resourceDirectory C:\Users\sandeep madineni\Desktop\JAVA-IMCS Training\Maven-Servlets-June 8th\EmployeeApplication\src\test\resources
2017-06-08 10:58:36,435 [Worker-52] INFO  o.e.m.c.i.embedder.EclipseLogger - Using 'UTF-8' encoding to copy filtered resources.
2017-06-08 10:58:36,435 [Worker-52] INFO  o.e.m.c.i.embedder.EclipseLogger - Copying 0 resource
2017-06-08 10:58:36,449 [Worker-52] INFO  o.e.m.c.i.embedder.EclipseLogger - Using 'UTF-8' encoding to copy filtered resources.
2017-06-08 10:58:36,458 [Worker-52] INFO  o.e.m.c.i.embedder.EclipseLogger - skip non existing resourceDirectory C:\Users\sandeep madineni\Desktop\JAVA-IMCS Training\Maven-Servlets-June 8th\EmployeeApplication\src\test\resources
2017-06-08 10:59:55,634 [Worker-52] INFO  o.e.m.c.i.embedder.EclipseLogger - Using 'UTF-8' encoding to copy filtered resources.
2017-06-08 10:59:55,635 [Worker-52] INFO  o.e.m.c.i.embedder.EclipseLogger - Copying 0 resource
2017-06-08 10:59:55,646 [Worker-52] INFO  o.e.m.c.i.embedder.EclipseLogger - Using 'UTF-8' encoding to copy filtered resources.
2017-06-08 10:59:55,652 [Worker-52] INFO  o.e.m.c.i.embedder.EclipseLogger - skip non existing resourceDirectory C:\Users\sandeep madineni\Desktop\JAVA-IMCS Training\Maven-Servlets-June 8th\EmployeeApplication\src\test\resources
2017-06-08 11:00:11,927 [Worker-44] INFO  o.e.m.c.i.embedder.EclipseLogger - Using 'UTF-8' encoding to copy filtered resources.
2017-06-08 11:00:11,928 [Worker-44] INFO  o.e.m.c.i.embedder.EclipseLogger - Copying 0 resource
2017-06-08 11:00:11,938 [Worker-44] INFO  o.e.m.c.i.embedder.EclipseLogger - Using 'UTF-8' encoding to copy filtered resources.
2017-06-08 11:00:11,999 [Worker-44] INFO  o.e.m.c.i.embedder.EclipseLogger - skip non existing resourceDirectory C:\Users\sandeep madineni\Desktop\JAVA-IMCS Training\Maven-Servlets-June 8th\EmployeeApplication\src\test\resources
2017-06-08 11:51:17,488 [Worker-66] INFO  o.e.m.c.i.embedder.EclipseLogger - Using 'UTF-8' encoding to copy filtered resources.
2017-06-08 11:51:17,490 [Worker-66] INFO  o.e.m.c.i.embedder.EclipseLogger - Copying 0 resource
2017-06-08 11:51:17,495 [Worker-66] INFO  o.e.m.c.i.embedder.EclipseLogger - Using 'UTF-8' encoding to copy filtered resources.
2017-06-08 11:51:17,500 [Worker-66] INFO  o.e.m.c.i.embedder.EclipseLogger - skip non existing resourceDirectory C:\Users\sandeep madineni\Desktop\JAVA-IMCS Training\Maven-Servlets-June 8th\EmployeeApplication\src\test\resources
2017-06-08 11:51:21,408 [Worker-59] INFO  o.e.m.c.i.embedder.EclipseLogger - Using 'UTF-8' encoding to copy filtered resources.
2017-06-08 11:51:21,409 [Worker-59] INFO  o.e.m.c.i.embedder.EclipseLogger - Copying 0 resource
2017-06-08 11:51:21,418 [Worker-59] INFO  o.e.m.c.i.embedder.EclipseLogger - Using 'UTF-8' encoding to copy filtered resources.
2017-06-08 11:51:21,423 [Worker-59] INFO  o.e.m.c.i.embedder.EclipseLogger - skip non existing resourceDirectory C:\Users\sandeep madineni\Desktop\JAVA-IMCS Training\Maven-Servlets-June 8th\EmployeeApplication\src\test\resources
2017-06-08 12:05:37,035 [Worker-67] INFO  o.e.m.c.i.embedder.EclipseLogger - Using 'UTF-8' encoding to copy filtered resources.
2017-06-08 12:05:37,035 [Worker-67] INFO  o.e.m.c.i.embedder.EclipseLogger - Copying 0 resource
2017-06-08 12:05:37,048 [Worker-67] INFO  o.e.m.c.i.embedder.EclipseLogger - Using 'UTF-8' encoding to copy filtered resources.
2017-06-08 12:05:37,057 [Worker-67] INFO  o.e.m.c.i.embedder.EclipseLogger - skip non existing resourceDirectory C:\Users\sandeep madineni\Desktop\JAVA-IMCS Training\Maven-Servlets-June 8th\EmployeeApplication\src\test\resources
2017-06-08 12:05:49,022 [Worker-67] INFO  o.e.m.c.i.embedder.EclipseLogger - Using 'UTF-8' encoding to copy filtered resources.
2017-06-08 12:05:49,023 [Worker-67] INFO  o.e.m.c.i.embedder.EclipseLogger - Copying 0 resource
2017-06-08 12:05:49,037 [Worker-67] INFO  o.e.m.c.i.embedder.EclipseLogger - Using 'UTF-8' encoding to copy filtered resources.
2017-06-08 12:05:49,051 [Worker-67] INFO  o.e.m.c.i.embedder.EclipseLogger - skip non existing resourceDirectory C:\Users\sandeep madineni\Desktop\JAVA-IMCS Training\Maven-Servlets-June 8th\EmployeeApplication\src\test\resources
2017-06-08 12:06:18,148 [Worker-70] INFO  o.e.m.c.i.embedder.EclipseLogger - Using 'UTF-8' encoding to copy filtered resources.
2017-06-08 12:06:18,148 [Worker-70] INFO  o.e.m.c.i.embedder.EclipseLogger - Copying 0 resource
2017-06-08 12:06:18,158 [Worker-70] INFO  o.e.m.c.i.embedder.EclipseLogger - Using 'UTF-8' encoding to copy filtered resources.
2017-06-08 12:06:18,167 [Worker-70] INFO  o.e.m.c.i.embedder.EclipseLogger - skip non existing resourceDirectory C:\Users\sandeep madineni\Desktop\JAVA-IMCS Training\Maven-Servlets-June 8th\EmployeeApplication\src\test\resources
2017-06-08 12:06:37,386 [Worker-69] INFO  o.e.m.c.i.embedder.EclipseLogger - Using 'UTF-8' encoding to copy filtered resources.
2017-06-08 12:06:37,386 [Worker-69] INFO  o.e.m.c.i.embedder.EclipseLogger - Copying 0 resource
2017-06-08 12:06:37,431 [Worker-69] INFO  o.e.m.c.i.embedder.EclipseLogger - Using 'UTF-8' encoding to copy filtered resources.
2017-06-08 12:06:37,449 [Worker-69] INFO  o.e.m.c.i.embedder.EclipseLogger - skip non existing resourceDirectory C:\Users\sandeep madineni\Desktop\JAVA-IMCS Training\Maven-Servlets-June 8th\EmployeeApplication\src\test\resources
2017-06-08 12:06:57,536 [Worker-62] INFO  o.e.m.c.i.embedder.EclipseLogger - Using 'UTF-8' encoding to copy filtered resources.
2017-06-08 12:06:57,537 [Worker-62] INFO  o.e.m.c.i.embedder.EclipseLogger - Copying 0 resource
2017-06-08 12:06:57,548 [Worker-62] INFO  o.e.m.c.i.embedder.EclipseLogger - Using 'UTF-8' encoding to copy filtered resources.
2017-06-08 12:06:57,559 [Worker-62] INFO  o.e.m.c.i.embedder.EclipseLogger - skip non existing resourceDirectory C:\Users\sandeep madineni\Desktop\JAVA-IMCS Training\Maven-Servlets-June 8th\EmployeeApplication\src\test\resources
2017-06-08 12:09:03,307 [Worker-69] INFO  o.e.m.c.i.embedder.EclipseLogger - Using 'UTF-8' encoding to copy filtered resources.
2017-06-08 12:09:03,307 [Worker-69] INFO  o.e.m.c.i.embedder.EclipseLogger - Copying 0 resource
2017-06-08 12:09:03,318 [Worker-69] INFO  o.e.m.c.i.embedder.EclipseLogger - Using 'UTF-8' encoding to copy filtered resources.
2017-06-08 12:09:03,330 [Worker-69] INFO  o.e.m.c.i.embedder.EclipseLogger - skip non existing resourceDirectory C:\Users\sandeep madineni\Desktop\JAVA-IMCS Training\Maven-Servlets-June 8th\EmployeeApplication\src\test\resources
2017-06-08 12:09:08,660 [Worker-49] INFO  o.e.m.c.i.embedder.EclipseLogger - Using 'UTF-8' encoding to copy filtered resources.
2017-06-08 12:09:08,661 [Worker-49] INFO  o.e.m.c.i.embedder.EclipseLogger - Copying 0 resource
2017-06-08 12:09:08,669 [Worker-49] INFO  o.e.m.c.i.embedder.EclipseLogger - Using 'UTF-8' encoding to copy filtered resources.
2017-06-08 12:09:08,677 [Worker-49] INFO  o.e.m.c.i.embedder.EclipseLogger - skip non existing resourceDirectory C:\Users\sandeep madineni\Desktop\JAVA-IMCS Training\Maven-Servlets-June 8th\EmployeeApplication\src\test\resources
2017-06-08 12:45:41,825 [Worker-73] INFO  o.e.m.c.i.embedder.EclipseLogger - Using 'UTF-8' encoding to copy filtered resources.
2017-06-08 12:45:41,826 [Worker-73] INFO  o.e.m.c.i.embedder.EclipseLogger - Copying 0 resource
2017-06-08 12:45:41,843 [Worker-73] INFO  o.e.m.c.i.embedder.EclipseLogger - Using 'UTF-8' encoding to copy filtered resources.
2017-06-08 12:45:41,857 [Worker-73] INFO  o.e.m.c.i.embedder.EclipseLogger - skip non existing resourceDirectory C:\Users\sandeep madineni\Desktop\JAVA-IMCS Training\Maven-Servlets-June 8th\EmployeeApplication\src\test\resources
2017-06-08 12:46:36,442 [Worker-75] INFO  o.e.m.c.i.embedder.EclipseLogger - Using 'UTF-8' encoding to copy filtered resources.
2017-06-08 12:46:36,443 [Worker-75] INFO  o.e.m.c.i.embedder.EclipseLogger - Copying 0 resource
2017-06-08 12:46:36,469 [Worker-75] INFO  o.e.m.c.i.embedder.EclipseLogger - Using 'UTF-8' encoding to copy filtered resources.
2017-06-08 12:46:36,478 [Worker-75] INFO  o.e.m.c.i.embedder.EclipseLogger - skip non existing resourceDirectory C:\Users\sandeep madineni\Desktop\JAVA-IMCS Training\Maven-Servlets-June 8th\EmployeeApplication\src\test\resources
2017-06-08 12:49:58,076 [Worker-74] INFO  o.e.m.c.i.embedder.EclipseLogger - Using 'UTF-8' encoding to copy filtered resources.
2017-06-08 12:49:58,077 [Worker-74] INFO  o.e.m.c.i.embedder.EclipseLogger - Copying 0 resource
2017-06-08 12:49:58,091 [Worker-74] INFO  o.e.m.c.i.embedder.EclipseLogger - Using 'UTF-8' encoding to copy filtered resources.
2017-06-08 12:49:58,098 [Worker-74] INFO  o.e.m.c.i.embedder.EclipseLogger - skip non existing resourceDirectory C:\Users\sandeep madineni\Desktop\JAVA-IMCS Training\Maven-Servlets-June 8th\EmployeeApplication\src\test\resources
2017-06-08 12:50:53,914 [Worker-67] INFO  o.e.m.c.i.embedder.EclipseLogger - Using 'UTF-8' encoding to copy filtered resources.
2017-06-08 12:50:53,915 [Worker-67] INFO  o.e.m.c.i.embedder.EclipseLogger - Copying 0 resource
2017-06-08 12:50:53,927 [Worker-67] INFO  o.e.m.c.i.embedder.EclipseLogger - Using 'UTF-8' encoding to copy filtered resources.
2017-06-08 12:50:53,935 [Worker-67] INFO  o.e.m.c.i.embedder.EclipseLogger - skip non existing resourceDirectory C:\Users\sandeep madineni\Desktop\JAVA-IMCS Training\Maven-Servlets-June 8th\EmployeeApplication\src\test\resources
2017-06-08 12:52:47,729 [Worker-74] INFO  o.e.m.c.i.embedder.EclipseLogger - Using 'UTF-8' encoding to copy filtered resources.
2017-06-08 12:52:47,730 [Worker-74] INFO  o.e.m.c.i.embedder.EclipseLogger - Copying 0 resource
2017-06-08 12:52:47,738 [Worker-74] INFO  o.e.m.c.i.embedder.EclipseLogger - Using 'UTF-8' encoding to copy filtered resources.
2017-06-08 12:52:47,744 [Worker-74] INFO  o.e.m.c.i.embedder.EclipseLogger - skip non existing resourceDirectory C:\Users\sandeep madineni\Desktop\JAVA-IMCS Training\Maven-Servlets-June 8th\EmployeeApplication\src\test\resources
2017-06-08 12:53:41,053 [Worker-74] INFO  o.e.m.c.i.embedder.EclipseLogger - Using 'UTF-8' encoding to copy filtered resources.
2017-06-08 12:53:41,054 [Worker-74] INFO  o.e.m.c.i.embedder.EclipseLogger - Copying 0 resource
2017-06-08 12:53:41,060 [Worker-74] INFO  o.e.m.c.i.embedder.EclipseLogger - Using 'UTF-8' encoding to copy filtered resources.
2017-06-08 12:53:41,065 [Worker-74] INFO  o.e.m.c.i.embedder.EclipseLogger - skip non existing resourceDirectory C:\Users\sandeep madineni\Desktop\JAVA-IMCS Training\Maven-Servlets-June 8th\EmployeeApplication\src\test\resources
2017-06-08 12:54:31,511 [Worker-67] INFO  o.e.m.c.i.embedder.EclipseLogger - Using 'UTF-8' encoding to copy filtered resources.
2017-06-08 12:54:31,512 [Worker-67] INFO  o.e.m.c.i.embedder.EclipseLogger - Copying 0 resource
2017-06-08 12:54:31,520 [Worker-67] INFO  o.e.m.c.i.embedder.EclipseLogger - Using 'UTF-8' encoding to copy filtered resources.
2017-06-08 12:54:31,527 [Worker-67] INFO  o.e.m.c.i.embedder.EclipseLogger - skip non existing resourceDirectory C:\Users\sandeep madineni\Desktop\JAVA-IMCS Training\Maven-Servlets-June 8th\EmployeeApplication\src\test\resources
2017-06-08 12:55:24,301 [Worker-76] INFO  o.e.m.c.i.embedder.EclipseLogger - Using 'UTF-8' encoding to copy filtered resources.
2017-06-08 12:55:24,301 [Worker-76] INFO  o.e.m.c.i.embedder.EclipseLogger - Copying 0 resource
2017-06-08 12:55:24,318 [Worker-76] INFO  o.e.m.c.i.embedder.EclipseLogger - Using 'UTF-8' encoding to copy filtered resources.
2017-06-08 12:55:24,335 [Worker-76] INFO  o.e.m.c.i.embedder.EclipseLogger - skip non existing resourceDirectory C:\Users\sandeep madineni\Desktop\JAVA-IMCS Training\Maven-Servlets-June 8th\EmployeeApplication\src\test\resources
2017-06-08 12:56:22,601 [Worker-75] INFO  o.e.m.c.i.embedder.EclipseLogger - Using 'UTF-8' encoding to copy filtered resources.
2017-06-08 12:56:22,602 [Worker-75] INFO  o.e.m.c.i.embedder.EclipseLogger - Copying 0 resource
2017-06-08 12:56:22,613 [Worker-75] INFO  o.e.m.c.i.embedder.EclipseLogger - Using 'UTF-8' encoding to copy filtered resources.
2017-06-08 12:56:22,624 [Worker-75] INFO  o.e.m.c.i.embedder.EclipseLogger - skip non existing resourceDirectory C:\Users\sandeep madineni\Desktop\JAVA-IMCS Training\Maven-Servlets-June 8th\EmployeeApplication\src\test\resources
2017-06-08 12:56:34,755 [Worker-76] INFO  o.e.m.c.i.embedder.EclipseLogger - Using 'UTF-8' encoding to copy filtered resources.
2017-06-08 12:56:34,756 [Worker-76] INFO  o.e.m.c.i.embedder.EclipseLogger - Copying 0 resource
2017-06-08 12:56:34,769 [Worker-76] INFO  o.e.m.c.i.embedder.EclipseLogger - Using 'UTF-8' encoding to copy filtered resources.
2017-06-08 12:56:34,784 [Worker-76] INFO  o.e.m.c.i.embedder.EclipseLogger - skip non existing resourceDirectory C:\Users\sandeep madineni\Desktop\JAVA-IMCS Training\Maven-Servlets-June 8th\EmployeeApplication\src\test\resources
2017-06-08 12:56:42,771 [Worker-74] INFO  o.e.m.c.i.embedder.EclipseLogger - Using 'UTF-8' encoding to copy filtered resources.
2017-06-08 12:56:42,772 [Worker-74] INFO  o.e.m.c.i.embedder.EclipseLogger - Copying 0 resource
2017-06-08 12:56:42,780 [Worker-74] INFO  o.e.m.c.i.embedder.EclipseLogger - Using 'UTF-8' encoding to copy filtered resources.
2017-06-08 12:56:42,788 [Worker-74] INFO  o.e.m.c.i.embedder.EclipseLogger - skip non existing resourceDirectory C:\Users\sandeep madineni\Desktop\JAVA-IMCS Training\Maven-Servlets-June 8th\EmployeeApplication\src\test\resources
2017-06-08 12:57:20,450 [Worker-69] INFO  o.e.m.c.i.embedder.EclipseLogger - Using 'UTF-8' encoding to copy filtered resources.
2017-06-08 12:57:20,451 [Worker-69] INFO  o.e.m.c.i.embedder.EclipseLogger - Copying 0 resource
2017-06-08 12:57:20,459 [Worker-69] INFO  o.e.m.c.i.embedder.EclipseLogger - Using 'UTF-8' encoding to copy filtered resources.
2017-06-08 12:57:20,466 [Worker-69] INFO  o.e.m.c.i.embedder.EclipseLogger - skip non existing resourceDirectory C:\Users\sandeep madineni\Desktop\JAVA-IMCS Training\Maven-Servlets-June 8th\EmployeeApplication\src\test\resources
2017-06-08 12:58:00,561 [Worker-69] INFO  o.e.m.c.i.embedder.EclipseLogger - Using 'UTF-8' encoding to copy filtered resources.
2017-06-08 12:58:00,562 [Worker-69] INFO  o.e.m.c.i.embedder.EclipseLogger - Copying 0 resource
2017-06-08 12:58:00,630 [Worker-69] INFO  o.e.m.c.i.embedder.EclipseLogger - Using 'UTF-8' encoding to copy filtered resources.
2017-06-08 12:58:00,652 [Worker-69] INFO  o.e.m.c.i.embedder.EclipseLogger - skip non existing resourceDirectory C:\Users\sandeep madineni\Desktop\JAVA-IMCS Training\Maven-Servlets-June 8th\EmployeeApplication\src\test\resources
2017-06-08 12:58:26,297 [Worker-78] INFO  o.e.m.c.i.embedder.EclipseLogger - Using 'UTF-8' encoding to copy filtered resources.
2017-06-08 12:58:26,298 [Worker-78] INFO  o.e.m.c.i.embedder.EclipseLogger - Copying 0 resource
2017-06-08 12:58:26,313 [Worker-78] INFO  o.e.m.c.i.embedder.EclipseLogger - Using 'UTF-8' encoding to copy filtered resources.
2017-06-08 12:58:26,320 [Worker-78] INFO  o.e.m.c.i.embedder.EclipseLogger - skip non existing resourceDirectory C:\Users\sandeep madineni\Desktop\JAVA-IMCS Training\Maven-Servlets-June 8th\EmployeeApplication\src\test\resources
2017-06-08 12:58:32,713 [Worker-69] INFO  o.e.m.c.i.embedder.EclipseLogger - Using 'UTF-8' encoding to copy filtered resources.
2017-06-08 12:58:32,714 [Worker-69] INFO  o.e.m.c.i.embedder.EclipseLogger - Copying 0 resource
2017-06-08 12:58:32,733 [Worker-69] INFO  o.e.m.c.i.embedder.EclipseLogger - Using 'UTF-8' encoding to copy filtered resources.
2017-06-08 12:58:32,744 [Worker-69] INFO  o.e.m.c.i.embedder.EclipseLogger - skip non existing resourceDirectory C:\Users\sandeep madineni\Desktop\JAVA-IMCS Training\Maven-Servlets-June 8th\EmployeeApplication\src\test\resources
2017-06-08 12:58:58,462 [Worker-69] INFO  o.e.m.c.i.embedder.EclipseLogger - Using 'UTF-8' encoding to copy filtered resources.
2017-06-08 12:58:58,463 [Worker-69] INFO  o.e.m.c.i.embedder.EclipseLogger - Copying 0 resource
2017-06-08 12:58:58,480 [Worker-69] INFO  o.e.m.c.i.embedder.EclipseLogger - Using 'UTF-8' encoding to copy filtered resources.
2017-06-08 12:58:58,502 [Worker-69] INFO  o.e.m.c.i.embedder.EclipseLogger - skip non existing resourceDirectory C:\Users\sandeep madineni\Desktop\JAVA-IMCS Training\Maven-Servlets-June 8th\EmployeeApplication\src\test\resources
2017-06-08 12:59:05,201 [Worker-76] INFO  o.e.m.c.i.embedder.EclipseLogger - Using 'UTF-8' encoding to copy filtered resources.
2017-06-08 12:59:05,202 [Worker-76] INFO  o.e.m.c.i.embedder.EclipseLogger - Copying 0 resource
2017-06-08 12:59:05,219 [Worker-76] INFO  o.e.m.c.i.embedder.EclipseLogger - Using 'UTF-8' encoding to copy filtered resources.
2017-06-08 12:59:05,232 [Worker-76] INFO  o.e.m.c.i.embedder.EclipseLogger - skip non existing resourceDirectory C:\Users\sandeep madineni\Desktop\JAVA-IMCS Training\Maven-Servlets-June 8th\EmployeeApplication\src\test\resources
2017-06-08 13:00:14,993 [Worker-69] INFO  o.e.m.c.i.embedder.EclipseLogger - Using 'UTF-8' encoding to copy filtered resources.
2017-06-08 13:00:14,994 [Worker-69] INFO  o.e.m.c.i.embedder.EclipseLogger - Copying 0 resource
2017-06-08 13:00:15,007 [Worker-69] INFO  o.e.m.c.i.embedder.EclipseLogger - Using 'UTF-8' encoding to copy filtered resources.
2017-06-08 13:00:15,023 [Worker-69] INFO  o.e.m.c.i.embedder.EclipseLogger - skip non existing resourceDirectory C:\Users\sandeep madineni\Desktop\JAVA-IMCS Training\Maven-Servlets-June 8th\EmployeeApplication\src\test\resources
2017-06-08 13:00:35,795 [Worker-69] INFO  o.e.m.c.i.embedder.EclipseLogger - Using 'UTF-8' encoding to copy filtered resources.
2017-06-08 13:00:35,796 [Worker-69] INFO  o.e.m.c.i.embedder.EclipseLogger - Copying 0 resource
2017-06-08 13:00:35,808 [Worker-69] INFO  o.e.m.c.i.embedder.EclipseLogger - Using 'UTF-8' encoding to copy filtered resources.
2017-06-08 13:00:35,813 [Worker-69] INFO  o.e.m.c.i.embedder.EclipseLogger - skip non existing resourceDirectory C:\Users\sandeep madineni\Desktop\JAVA-IMCS Training\Maven-Servlets-June 8th\EmployeeApplication\src\test\resources
2017-06-08 13:00:45,757 [Worker-69] INFO  o.e.m.c.i.embedder.EclipseLogger - Using 'UTF-8' encoding to copy filtered resources.
2017-06-08 13:00:45,758 [Worker-69] INFO  o.e.m.c.i.embedder.EclipseLogger - Copying 0 resource
2017-06-08 13:00:45,771 [Worker-69] INFO  o.e.m.c.i.embedder.EclipseLogger - Using 'UTF-8' encoding to copy filtered resources.
2017-06-08 13:00:45,778 [Worker-69] INFO  o.e.m.c.i.embedder.EclipseLogger - skip non existing resourceDirectory C:\Users\sandeep madineni\Desktop\JAVA-IMCS Training\Maven-Servlets-June 8th\EmployeeApplication\src\test\resources
2017-06-08 13:01:21,035 [Worker-67] INFO  o.e.m.c.i.embedder.EclipseLogger - Using 'UTF-8' encoding to copy filtered resources.
2017-06-08 13:01:21,036 [Worker-67] INFO  o.e.m.c.i.embedder.EclipseLogger - Copying 0 resource
2017-06-08 13:01:21,045 [Worker-67] INFO  o.e.m.c.i.embedder.EclipseLogger - Using 'UTF-8' encoding to copy filtered resources.
2017-06-08 13:01:21,052 [Worker-67] INFO  o.e.m.c.i.embedder.EclipseLogger - skip non existing resourceDirectory C:\Users\sandeep madineni\Desktop\JAVA-IMCS Training\Maven-Servlets-June 8th\EmployeeApplication\src\test\resources
2017-06-08 13:01:32,902 [Worker-77] INFO  o.e.m.c.i.embedder.EclipseLogger - Using 'UTF-8' encoding to copy filtered resources.
2017-06-08 13:01:32,903 [Worker-77] INFO  o.e.m.c.i.embedder.EclipseLogger - Copying 0 resource
2017-06-08 13:01:32,916 [Worker-77] INFO  o.e.m.c.i.embedder.EclipseLogger - Using 'UTF-8' encoding to copy filtered resources.
2017-06-08 13:01:32,924 [Worker-77] INFO  o.e.m.c.i.embedder.EclipseLogger - skip non existing resourceDirectory C:\Users\sandeep madineni\Desktop\JAVA-IMCS Training\Maven-Servlets-June 8th\EmployeeApplication\src\test\resources
2017-06-08 13:03:34,005 [Worker-73] INFO  o.e.m.c.i.embedder.EclipseLogger - Using 'UTF-8' encoding to copy filtered resources.
2017-06-08 13:03:34,006 [Worker-73] INFO  o.e.m.c.i.embedder.EclipseLogger - Copying 0 resource
2017-06-08 13:03:34,015 [Worker-73] INFO  o.e.m.c.i.embedder.EclipseLogger - Using 'UTF-8' encoding to copy filtered resources.
2017-06-08 13:03:34,020 [Worker-73] INFO  o.e.m.c.i.embedder.EclipseLogger - skip non existing resourceDirectory C:\Users\sandeep madineni\Desktop\JAVA-IMCS Training\Maven-Servlets-June 8th\EmployeeApplication\src\test\resources
2017-06-08 13:03:46,752 [Worker-76] INFO  o.e.m.c.i.embedder.EclipseLogger - Using 'UTF-8' encoding to copy filtered resources.
2017-06-08 13:03:46,753 [Worker-76] INFO  o.e.m.c.i.embedder.EclipseLogger - Copying 0 resource
2017-06-08 13:03:46,761 [Worker-76] INFO  o.e.m.c.i.embedder.EclipseLogger - Using 'UTF-8' encoding to copy filtered resources.
2017-06-08 13:03:46,768 [Worker-76] INFO  o.e.m.c.i.embedder.EclipseLogger - skip non existing resourceDirectory C:\Users\sandeep madineni\Desktop\JAVA-IMCS Training\Maven-Servlets-June 8th\EmployeeApplication\src\test\resources
2017-06-08 13:03:55,352 [Worker-73] INFO  o.e.m.c.i.embedder.EclipseLogger - Using 'UTF-8' encoding to copy filtered resources.
2017-06-08 13:03:55,353 [Worker-73] INFO  o.e.m.c.i.embedder.EclipseLogger - Copying 0 resource
2017-06-08 13:03:55,360 [Worker-73] INFO  o.e.m.c.i.embedder.EclipseLogger - Using 'UTF-8' encoding to copy filtered resources.
2017-06-08 13:03:55,365 [Worker-73] INFO  o.e.m.c.i.embedder.EclipseLogger - skip non existing resourceDirectory C:\Users\sandeep madineni\Desktop\JAVA-IMCS Training\Maven-Servlets-June 8th\EmployeeApplication\src\test\resources
2017-06-08 13:04:14,742 [Worker-79] INFO  o.e.m.c.i.embedder.EclipseLogger - Using 'UTF-8' encoding to copy filtered resources.
2017-06-08 13:04:14,743 [Worker-79] INFO  o.e.m.c.i.embedder.EclipseLogger - Copying 0 resource
2017-06-08 13:04:14,750 [Worker-79] INFO  o.e.m.c.i.embedder.EclipseLogger - Using 'UTF-8' encoding to copy filtered resources.
2017-06-08 13:04:14,757 [Worker-79] INFO  o.e.m.c.i.embedder.EclipseLogger - skip non existing resourceDirectory C:\Users\sandeep madineni\Desktop\JAVA-IMCS Training\Maven-Servlets-June 8th\EmployeeApplication\src\test\resources
2017-06-08 13:04:50,869 [Worker-67] INFO  o.e.m.c.i.embedder.EclipseLogger - Using 'UTF-8' encoding to copy filtered resources.
2017-06-08 13:04:50,870 [Worker-67] INFO  o.e.m.c.i.embedder.EclipseLogger - Copying 0 resource
2017-06-08 13:04:50,877 [Worker-67] INFO  o.e.m.c.i.embedder.EclipseLogger - Using 'UTF-8' encoding to copy filtered resources.
2017-06-08 13:04:50,888 [Worker-67] INFO  o.e.m.c.i.embedder.EclipseLogger - skip non existing resourceDirectory C:\Users\sandeep madineni\Desktop\JAVA-IMCS Training\Maven-Servlets-June 8th\EmployeeApplication\src\test\resources
2017-06-08 13:07:48,128 [Worker-78] INFO  o.e.m.c.i.embedder.EclipseLogger - Using 'UTF-8' encoding to copy filtered resources.
2017-06-08 13:07:48,129 [Worker-78] INFO  o.e.m.c.i.embedder.EclipseLogger - Copying 0 resource
2017-06-08 13:07:48,156 [Worker-78] INFO  o.e.m.c.i.embedder.EclipseLogger - Using 'UTF-8' encoding to copy filtered resources.
2017-06-08 13:07:48,163 [Worker-78] INFO  o.e.m.c.i.embedder.EclipseLogger - skip non existing resourceDirectory C:\Users\sandeep madineni\Desktop\JAVA-IMCS Training\Maven-Servlets-June 8th\EmployeeApplication\src\test\resources
2017-06-08 13:08:54,969 [Worker-75] INFO  o.e.m.c.i.l.LifecycleMappingFactory - Using org.maven.ide.eclipse.wtp.WarLifecycleMapping lifecycle mapping for MavenProject: com.employee:EmployeeApplication:0.0.1-SNAPSHOT @ C:\Users\sandeep madineni\Desktop\JAVA-IMCS Training\Maven-Servlets-June 8th\EmployeeApplication\pom.xml.
2017-06-08 13:08:56,480 [Worker-75] INFO  o.e.m.c.i.embedder.EclipseLogger - Using 'UTF-8' encoding to copy filtered resources.
2017-06-08 13:08:56,492 [Worker-75] INFO  o.e.m.c.i.embedder.EclipseLogger - Copying 0 resource
2017-06-08 13:08:56,502 [Worker-75] INFO  o.e.m.c.i.embedder.EclipseLogger - Using 'UTF-8' encoding to copy filtered resources.
2017-06-08 13:08:56,510 [Worker-75] INFO  o.e.m.c.i.embedder.EclipseLogger - skip non existing resourceDirectory C:\Users\sandeep madineni\Desktop\JAVA-IMCS Training\Maven-Servlets-June 8th\EmployeeApplication\src\test\resources
2017-06-08 13:08:56,511 [Worker-75] INFO  o.e.m.w.i.f.ResourceFilteringBuildParticipant - Changed resources require a complete clean of filtered resources of EmployeeApplication
2017-06-08 13:08:56,519 [Worker-75] INFO  o.e.m.w.i.f.ResourceFilteringBuildParticipant - Executing resource filtering for EmployeeApplication
2017-06-08 13:08:56,525 [Worker-75] INFO  o.e.m.c.i.embedder.EclipseLogger - Using 'UTF-8' encoding to copy filtered resources.
2017-06-08 13:08:58,114 [Worker-75] INFO  o.e.m.c.i.embedder.EclipseLogger - Using 'UTF-8' encoding to copy filtered resources.
2017-06-08 13:08:58,115 [Worker-75] INFO  o.e.m.c.i.embedder.EclipseLogger - Copying 0 resource
2017-06-08 13:08:58,117 [Worker-75] INFO  o.e.m.c.i.embedder.EclipseLogger - Using 'UTF-8' encoding to copy filtered resources.
2017-06-08 13:08:58,117 [Worker-75] INFO  o.e.m.c.i.embedder.EclipseLogger - skip non existing resourceDirectory C:\Users\sandeep madineni\Desktop\JAVA-IMCS Training\Maven-Servlets-June 8th\EmployeeApplication\src\test\resources
2017-06-08 13:13:31,051 [Worker-67] INFO  o.e.m.c.i.embedder.EclipseLogger - Using 'UTF-8' encoding to copy filtered resources.
2017-06-08 13:13:31,052 [Worker-67] INFO  o.e.m.c.i.embedder.EclipseLogger - Copying 0 resource
2017-06-08 13:13:31,083 [Worker-67] INFO  o.e.m.c.i.embedder.EclipseLogger - Using 'UTF-8' encoding to copy filtered resources.
2017-06-08 13:13:31,083 [Worker-67] INFO  o.e.m.c.i.embedder.EclipseLogger - skip non existing resourceDirectory C:\Users\sandeep madineni\Desktop\JAVA-IMCS Training\Maven-Servlets-June 8th\EmployeeApplication\src\test\resources
2017-06-08 13:15:17,352 [Worker-67] INFO  o.e.m.c.i.embedder.EclipseLogger - Using 'UTF-8' encoding to copy filtered resources.
2017-06-08 13:15:17,353 [Worker-67] INFO  o.e.m.c.i.embedder.EclipseLogger - Copying 0 resource
2017-06-08 13:15:17,369 [Worker-67] INFO  o.e.m.c.i.embedder.EclipseLogger - Using 'UTF-8' encoding to copy filtered resources.
2017-06-08 13:15:17,378 [Worker-67] INFO  o.e.m.c.i.embedder.EclipseLogger - skip non existing resourceDirectory C:\Users\sandeep madineni\Desktop\JAVA-IMCS Training\Maven-Servlets-June 8th\EmployeeApplication\src\test\resources
2017-06-08 13:17:21,840 [Worker-83] INFO  o.e.m.c.i.embedder.EclipseLogger - Using 'UTF-8' encoding to copy filtered resources.
2017-06-08 13:17:21,841 [Worker-83] INFO  o.e.m.c.i.embedder.EclipseLogger - Copying 0 resource
2017-06-08 13:17:21,854 [Worker-83] INFO  o.e.m.c.i.embedder.EclipseLogger - Using 'UTF-8' encoding to copy filtered resources.
2017-06-08 13:17:21,862 [Worker-83] INFO  o.e.m.c.i.embedder.EclipseLogger - skip non existing resourceDirectory C:\Users\sandeep madineni\Desktop\JAVA-IMCS Training\Maven-Servlets-June 8th\EmployeeApplication\src\test\resources
2017-06-08 13:18:30,364 [Worker-89] INFO  o.e.m.c.i.embedder.EclipseLogger - Using 'UTF-8' encoding to copy filtered resources.
2017-06-08 13:18:30,365 [Worker-89] INFO  o.e.m.c.i.embedder.EclipseLogger - Copying 0 resource
2017-06-08 13:18:30,374 [Worker-89] INFO  o.e.m.c.i.embedder.EclipseLogger - Using 'UTF-8' encoding to copy filtered resources.
2017-06-08 13:18:30,381 [Worker-89] INFO  o.e.m.c.i.embedder.EclipseLogger - skip non existing resourceDirectory C:\Users\sandeep madineni\Desktop\JAVA-IMCS Training\Maven-Servlets-June 8th\EmployeeApplication\src\test\resources
2017-06-08 13:42:10,989 [Worker-99] INFO  o.e.m.c.i.embedder.EclipseLogger - Using 'UTF-8' encoding to copy filtered resources.
2017-06-08 13:42:10,990 [Worker-99] INFO  o.e.m.c.i.embedder.EclipseLogger - Copying 0 resource
2017-06-08 13:42:11,006 [Worker-99] INFO  o.e.m.c.i.embedder.EclipseLogger - Using 'UTF-8' encoding to copy filtered resources.
2017-06-08 13:42:11,017 [Worker-99] INFO  o.e.m.c.i.embedder.EclipseLogger - skip non existing resourceDirectory C:\Users\sandeep madineni\Desktop\JAVA-IMCS Training\Maven-Servlets-June 8th\EmployeeApplication\src\test\resources
2017-06-08 13:45:26,069 [Worker-92] INFO  o.e.m.c.i.embedder.EclipseLogger - Using 'UTF-8' encoding to copy filtered resources.
2017-06-08 13:45:26,069 [Worker-92] INFO  o.e.m.c.i.embedder.EclipseLogger - Copying 0 resource
2017-06-08 13:45:26,084 [Worker-92] INFO  o.e.m.c.i.embedder.EclipseLogger - Using 'UTF-8' encoding to copy filtered resources.
2017-06-08 13:45:26,093 [Worker-92] INFO  o.e.m.c.i.embedder.EclipseLogger - skip non existing resourceDirectory C:\Users\sandeep madineni\Desktop\JAVA-IMCS Training\Maven-Servlets-June 8th\EmployeeApplication\src\test\resources
2017-06-08 13:48:19,770 [Worker-100] INFO  o.e.m.c.i.embedder.EclipseLogger - Using 'UTF-8' encoding to copy filtered resources.
2017-06-08 13:48:19,771 [Worker-100] INFO  o.e.m.c.i.embedder.EclipseLogger - Copying 0 resource
2017-06-08 13:48:19,785 [Worker-100] INFO  o.e.m.c.i.embedder.EclipseLogger - Using 'UTF-8' encoding to copy filtered resources.
2017-06-08 13:48:19,794 [Worker-100] INFO  o.e.m.c.i.embedder.EclipseLogger - skip non existing resourceDirectory C:\Users\sandeep madineni\Desktop\JAVA-IMCS Training\Maven-Servlets-June 8th\EmployeeApplication\src\test\resources
